[11:02:21] [Client thread/INFO]: Setting user: Player526
[11:02:21] [Client thread/INFO]: (Session ID is token:0:Player526)
[11:02:23] [Client thread/INFO]: [OptiFine] *** Reflector Forge ***
[11:02:23] [Client thread/INFO]: [OptiFine] (Reflector) Class not present: net.minecraftforge.client.model.Attributes
[11:02:23] [Client thread/INFO]: [OptiFine] (Reflector) Class not present: mods.betterfoliage.client.BetterFoliageClient
[11:02:23] [Client thread/INFO]: [OptiFine] (Reflector) Class not present: net.minecraftforge.fml.common.asm.transformers.BlamingTransformer
[11:02:23] [Client thread/INFO]: [OptiFine] (Reflector) Class not present: net.minecraftforge.event.world.ChunkWatchEvent$UnWatch
[11:02:23] [Client thread/INFO]: [OptiFine] (Reflector) Class not present: net.minecraftforge.fml.relauncher.CoreModManager
[11:02:23] [Client thread/INFO]: [OptiFine] (Reflector) Class not present: net.minecraftforge.common.DimensionManager
[11:02:23] [Client thread/INFO]: [OptiFine] (Reflector) Class not present: net.minecraftforge.client.event.GuiScreenEvent$DrawScreenEvent$Pre
[11:02:23] [Client thread/INFO]: [OptiFine] (Reflector) Class not present: net.minecraftforge.client.event.GuiScreenEvent$DrawScreenEvent$Post
[11:02:23] [Client thread/INFO]: [OptiFine] (Reflector) Class not present: net.minecraftforge.client.event.EntityViewRenderEvent$CameraSetup
[11:02:23] [Client thread/INFO]: [OptiFine] (Reflector) Class not present: net.minecraftforge.client.event.EntityViewRenderEvent$FogColors
[11:02:23] [Client thread/INFO]: [OptiFine] (Reflector) Class not present: net.minecraftforge.fml.common.eventhandler.Event
[11:02:23] [Client thread/INFO]: [OptiFine] (Reflector) Class not present: net.minecraftforge.fml.common.eventhandler.EventBus
[11:02:23] [Client thread/INFO]: [OptiFine] (Reflector) Class not present: net.minecraftforge.fml.common.eventhandler.Event$Result
[11:02:23] [Client thread/INFO]: [OptiFine] (Reflector) Class not present: net.minecraftforge.common.property.ExtendedBlockState
[11:02:23] [Client thread/INFO]: [OptiFine] (Reflector) Class not present: net.minecraftforge.fml.client.FMLClientHandler
[11:02:23] [Client thread/INFO]: [OptiFine] (Reflector) Class not present: net.minecraftforge.fml.common.FMLCommonHandler
[11:02:23] [Client thread/INFO]: [OptiFine] (Reflector) Method not present: net.minecraft.world.biome.BiomeGenBase.getWaterColorMultiplier
[11:02:23] [Client thread/INFO]: [OptiFine] (Reflector) Method not present: net.minecraft.block.Block.addDestroyEffects
[11:02:23] [Client thread/INFO]: [OptiFine] (Reflector) Method not present: net.minecraft.block.Block.addHitEffects
[11:02:23] [Client thread/INFO]: [OptiFine] (Reflector) Method not present: net.minecraft.block.Block.canCreatureSpawn
[11:02:23] [Client thread/INFO]: [OptiFine] (Reflector) Method not present: net.minecraft.block.Block.canRenderInLayer
[11:02:23] [Client thread/INFO]: [OptiFine] (Reflector) Method not present: net.minecraft.block.Block.doesSideBlockRendering
[11:02:23] [Client thread/INFO]: [OptiFine] (Reflector) Method not present: net.minecraft.block.Block.getBedDirection
[11:02:23] [Client thread/INFO]: [OptiFine] (Reflector) Method not present: net.minecraft.block.Block.getExtendedState
[11:02:23] [Client thread/INFO]: [OptiFine] (Reflector) Method not present: net.minecraft.block.Block.hasTileEntity
[11:02:23] [Client thread/INFO]: [OptiFine] (Reflector) Method not present: net.minecraft.block.Block.isAir
[11:02:23] [Client thread/INFO]: [OptiFine] (Reflector) Method not present: net.minecraft.block.Block.isBed
[11:02:23] [Client thread/INFO]: [OptiFine] (Reflector) Method not present: net.minecraft.block.Block.isBedFoot
[11:02:23] [Client thread/INFO]: [OptiFine] (Reflector) Method not present: net.minecraft.block.Block.isSideSolid
[11:02:23] [Client thread/INFO]: [OptiFine] (Reflector) Method not present: net.minecraft.entity.Entity.canRiderInteract
[11:02:23] [Client thread/INFO]: [OptiFine] (Reflector) Field not present: net.minecraft.entity.Entity.captureDrops
[11:02:23] [Client thread/INFO]: [OptiFine] (Reflector) Field not present: net.minecraft.entity.Entity.capturedDrops
[11:02:23] [Client thread/INFO]: [OptiFine] (Reflector) Method not present: net.minecraft.entity.Entity.shouldRenderInPass
[11:02:23] [Client thread/INFO]: [OptiFine] (Reflector) Method not present: net.minecraft.entity.Entity.shouldRiderSit
[11:02:23] [Client thread/INFO]: [OptiFine] (Reflector) Class not present: net.minecraftforge.event.ForgeEventFactory
[11:02:23] [Client thread/INFO]: [OptiFine] (Reflector) Class not present: net.minecraftforge.common.ForgeHooks
[11:02:23] [Client thread/INFO]: [OptiFine] (Reflector) Class not present: net.minecraftforge.client.ForgeHooksClient
[11:02:23] [Client thread/INFO]: [OptiFine] (Reflector) Method not present: net.minecraft.item.Item.getDurabilityForDisplay
[11:02:23] [Client thread/INFO]: [OptiFine] (Reflector) Method not present: net.minecraft.item.Item.getModel
[11:02:23] [Client thread/INFO]: [OptiFine] (Reflector) Method not present: net.minecraft.item.Item.onEntitySwing
[11:02:23] [Client thread/INFO]: [OptiFine] (Reflector) Method not present: net.minecraft.item.Item.shouldCauseReequipAnimation
[11:02:23] [Client thread/INFO]: [OptiFine] (Reflector) Method not present: net.minecraft.item.Item.showDurabilityBar
[11:02:23] [Client thread/INFO]: [OptiFine] (Reflector) Method not present: net.minecraft.item.ItemRecord.getRecordResource
[11:02:23] [Client thread/INFO]: [OptiFine] (Reflector) Class not present: net.minecraftforge.common.ForgeModContainer
[11:02:23] [Client thread/INFO]: [OptiFine] (Reflector) Method not present: net.minecraft.potion.PotionEffect.isCurativeItem
[11:02:23] [Client thread/INFO]: [OptiFine] (Reflector) Method not present: net.minecraft.tileentity.TileEntity.canRenderBreaking
[11:02:23] [Client thread/INFO]: [OptiFine] (Reflector) Method not present: net.minecraft.tileentity.TileEntity.getRenderBoundingBox
[11:02:23] [Client thread/INFO]: [OptiFine] (Reflector) Method not present: net.minecraft.tileentity.TileEntity.hasFastRenderer
[11:02:23] [Client thread/INFO]: [OptiFine] (Reflector) Method not present: net.minecraft.tileentity.TileEntity.shouldRenderInPass
[11:02:23] [Client thread/INFO]: [OptiFine] (Reflector) Method not present: net.minecraft.client.renderer.tileentity.TileEntityRendererDispatcher.preDrawBatch
[11:02:23] [Client thread/INFO]: [OptiFine] (Reflector) Method not present: net.minecraft.client.renderer.tileentity.TileEntityRendererDispatcher.drawBatch
[11:02:23] [Client thread/INFO]: [OptiFine] (Reflector) Method not present: net.minecraft.client.renderer.vertex.VertexFormatElement$EnumUsage.preDraw
[11:02:23] [Client thread/INFO]: [OptiFine] (Reflector) Method not present: net.minecraft.client.renderer.vertex.VertexFormatElement$EnumUsage.postDraw
[11:02:23] [Client thread/INFO]: [OptiFine] (Reflector) Method not present: net.minecraft.world.World.countEntities
[11:02:23] [Client thread/INFO]: [OptiFine] (Reflector) Method not present: net.minecraft.world.World.getPerWorldStorage
[11:02:23] [Client thread/INFO]: [OptiFine] (Reflector) Method not present: net.minecraft.world.WorldProvider.getCloudRenderer
[11:02:23] [Client thread/INFO]: [OptiFine] (Reflector) Method not present: net.minecraft.world.WorldProvider.getSkyRenderer
[11:02:23] [Client thread/INFO]: [OptiFine] (Reflector) Method not present: net.minecraft.world.WorldProvider.getWeatherRenderer
[11:02:23] [Client thread/INFO]: [OptiFine] (Reflector) Class not present: net.minecraftforge.fml.client.GuiModList
[11:02:23] [Client thread/INFO]: [OptiFine] (Reflector) Class not present: net.minecraftforge.client.model.IColoredBakedQuad
[11:02:23] [Client thread/INFO]: [OptiFine] (Reflector) Class not present: net.minecraftforge.common.property.IExtendedBlockState
[11:02:23] [Client thread/INFO]: [OptiFine] (Reflector) Class not present: net.minecraftforge.client.IRenderHandler
[11:02:23] [Client thread/INFO]: [OptiFine] (Reflector) Class not present: net.minecraftforge.client.model.ISmartBlockModel
[11:02:23] [Client thread/INFO]: [OptiFine] (Reflector) Class not present: net.minecraftforge.client.ItemModelMesherForge
[11:02:23] [Client thread/INFO]: [OptiFine] (Reflector) Class not present: net.minecraft.launchwrapper.Launch
[11:02:23] [Client thread/INFO]: [OptiFine] (Reflector) Class not present: net.minecraftforge.client.model.pipeline.LightUtil
[11:02:23] [Client thread/INFO]: [OptiFine] (Reflector) Class not present: net.minecraftforge.common.MinecraftForge
[11:02:23] [Client thread/INFO]: [OptiFine] (Reflector) Class not present: net.minecraftforge.client.MinecraftForgeClient
[11:02:23] [Client thread/INFO]: [OptiFine] (Reflector) Class not present: net.minecraftforge.client.model.ModelLoader
[11:02:23] [Client thread/INFO]: [OptiFine] (Reflector) Class not present: net.minecraftforge.client.event.RenderBlockOverlayEvent$OverlayType
[11:02:23] [Client thread/INFO]: [OptiFine] (Reflector) Class not present: net.minecraftforge.fml.client.registry.RenderingRegistry
[11:02:23] [Client thread/INFO]: [OptiFine] (Reflector) Class not present: net.minecraftforge.client.event.RenderItemInFrameEvent
[11:02:23] [Client thread/INFO]: [OptiFine] (Reflector) Class not present: net.minecraftforge.client.event.RenderLivingEvent$Pre
[11:02:23] [Client thread/INFO]: [OptiFine] (Reflector) Class not present: net.minecraftforge.client.event.RenderLivingEvent$Post
[11:02:23] [Client thread/INFO]: [OptiFine] (Reflector) Class not present: net.minecraftforge.client.event.RenderLivingEvent$Specials$Pre
[11:02:23] [Client thread/INFO]: [OptiFine] (Reflector) Class not present: net.minecraftforge.client.event.RenderLivingEvent$Specials$Post
[11:02:23] [Client thread/INFO]: [OptiFine] (Reflector) Class not present: net.minecraftforge.fml.client.SplashProgress
[11:02:23] [Client thread/INFO]: [OptiFine] (Reflector) Class not present: net.minecraftforge.event.world.WorldEvent$Load
[11:02:23] [Client thread/INFO]: [OptiFine] *** Reflector Vanilla ***
[11:02:23] [Client thread/INFO]: [OptiFine] (Reflector) Class not present: optifine.OptiFineClassTransformer
[11:02:23] [Client thread/INFO]: LWJGL Version: 2.9.4
[11:02:23] [Client thread/INFO]: [OptiFine] 
[11:02:23] [Client thread/INFO]: [OptiFine] OptiFine_1.8.8_HD_U_H8
[11:02:23] [Client thread/INFO]: [OptiFine] Build: null
[11:02:23] [Client thread/INFO]: [OptiFine] OS: Linux (amd64) version 5.11.0-25-generic
[11:02:23] [Client thread/INFO]: [OptiFine] Java: 1.8.0_292, AdoptOpenJDK
[11:02:23] [Client thread/INFO]: [OptiFine] VM: OpenJDK 64-Bit Server VM (mixed mode), AdoptOpenJDK
[11:02:23] [Client thread/INFO]: [OptiFine] LWJGL: 2.9.4
[11:02:23] [Client thread/INFO]: [OptiFine] OpenGL: GeForce GTX 1050 Ti/PCIe/SSE2, version 4.6.0 NVIDIA 460.91.03, NVIDIA Corporation
[11:02:23] [Client thread/INFO]: [OptiFine] OpenGL Version: 4.6.0
[11:02:23] [Client thread/INFO]: [OptiFine] Maximum texture size: 32768x32768
[11:02:23] [Thread-6/INFO]: [OptiFine] Checking for new version
[11:02:24] [Client thread/INFO]: [Shaders] ShadersMod version: 2.4.12
[11:02:24] [Client thread/INFO]: [Shaders] OpenGL Version: 4.6.0 NVIDIA 460.91.03
[11:02:24] [Client thread/INFO]: [Shaders] Vendor:  NVIDIA Corporation
[11:02:24] [Client thread/INFO]: [Shaders] Renderer: GeForce GTX 1050 Ti/PCIe/SSE2
[11:02:24] [Client thread/INFO]: [Shaders] Capabilities:  2.0  2.1  3.0  3.2  4.0 
[11:02:24] [Client thread/INFO]: [Shaders] GL_MAX_DRAW_BUFFERS: 8
[11:02:24] [Client thread/INFO]: [Shaders] GL_MAX_COLOR_ATTACHMENTS_EXT: 8
[11:02:24] [Client thread/INFO]: [Shaders] GL_MAX_TEXTURE_IMAGE_UNITS: 32
[11:02:24] [Client thread/INFO]: [Shaders] Load ShadersMod configuration.
[11:02:24] [Client thread/INFO]: [Shaders] Save ShadersMod configuration.
[11:02:24] [Client thread/INFO]: [Shaders] Shaders can not be loaded, Fast Render is enabled.
[11:02:24] [Client thread/INFO]: [Shaders] No shaderpack loaded.
[11:02:24] [Client thread/INFO]: Reloading ResourceManager: Default
[11:02:24] [Client thread/INFO]: [OptiFine] *** Reloading textures ***
[11:02:24] [Client thread/INFO]: [OptiFine] Resource packs: Default
[11:02:24] [Client thread/ERROR]: Couldn't initialize twitch stream
[11:02:24] [Sound Library Loader/INFO]: Starting up SoundSystem...
[11:02:24] [Thread-6/INFO]: [OptiFine] Version found: I7
[11:02:24] [Thread-7/INFO]: Initializing LWJGL OpenAL
[11:02:24] [Thread-7/INFO]: (The LWJGL binding of OpenAL.  For more information, see http://www.lwjgl.org)
[11:02:24] [Thread-7/INFO]: OpenAL initialized.
[11:02:24] [Sound Library Loader/INFO]: Sound engine started
[11:02:26] [Client thread/INFO]: [OptiFine] Mipmap levels: 4
[11:02:26] [Client thread/INFO]: [OptiFine] Multitexture: false
[11:02:26] [Client thread/INFO]: [OptiFine] ConnectedTextures: mcpatcher/ctm/default/0_glass_white/glass_pane_white.properties
[11:02:26] [Client thread/WARN]: [OptiFine] ConnectedTextures: Block not found for name: minecraft:white_stained_glass_pane
[11:02:26] [Client thread/INFO]: [OptiFine] ConnectedTextures: mcpatcher/ctm/default/0_glass_white/glass_white.properties
[11:02:26] [Client thread/WARN]: [OptiFine] ConnectedTextures: Block not found for name: minecraft:white_stained_glass
[11:02:26] [Client thread/INFO]: [OptiFine] ConnectedTextures: mcpatcher/ctm/default/10_glass_purple/glass_pane_purple.properties
[11:02:26] [Client thread/WARN]: [OptiFine] ConnectedTextures: Block not found for name: minecraft:purple_stained_glass_pane
[11:02:26] [Client thread/INFO]: [OptiFine] ConnectedTextures: mcpatcher/ctm/default/10_glass_purple/glass_purple.properties
[11:02:26] [Client thread/WARN]: [OptiFine] ConnectedTextures: Block not found for name: minecraft:purple_stained_glass
[11:02:26] [Client thread/INFO]: [OptiFine] ConnectedTextures: mcpatcher/ctm/default/11_glass_blue/glass_blue.properties
[11:02:26] [Client thread/WARN]: [OptiFine] ConnectedTextures: Block not found for name: minecraft:blue_stained_glass
[11:02:26] [Client thread/INFO]: [OptiFine] ConnectedTextures: mcpatcher/ctm/default/11_glass_blue/glass_pane_blue.properties
[11:02:26] [Client thread/WARN]: [OptiFine] ConnectedTextures: Block not found for name: minecraft:blue_stained_glass_pane
[11:02:26] [Client thread/INFO]: [OptiFine] ConnectedTextures: mcpatcher/ctm/default/12_glass_brown/glass_brown.properties
[11:02:26] [Client thread/WARN]: [OptiFine] ConnectedTextures: Block not found for name: minecraft:brown_stained_glass
[11:02:26] [Client thread/INFO]: [OptiFine] ConnectedTextures: mcpatcher/ctm/default/12_glass_brown/glass_pane_brown.properties
[11:02:26] [Client thread/WARN]: [OptiFine] ConnectedTextures: Block not found for name: minecraft:brown_stained_glass_pane
[11:02:26] [Client thread/INFO]: [OptiFine] ConnectedTextures: mcpatcher/ctm/default/13_glass_green/glass_green.properties
[11:02:26] [Client thread/WARN]: [OptiFine] ConnectedTextures: Block not found for name: minecraft:green_stained_glass
[11:02:26] [Client thread/INFO]: [OptiFine] ConnectedTextures: mcpatcher/ctm/default/13_glass_green/glass_pane_green.properties
[11:02:26] [Client thread/WARN]: [OptiFine] ConnectedTextures: Block not found for name: minecraft:green_stained_glass_pane
[11:02:26] [Client thread/INFO]: [OptiFine] ConnectedTextures: mcpatcher/ctm/default/14_glass_red/glass_pane_red.properties
[11:02:26] [Client thread/WARN]: [OptiFine] ConnectedTextures: Block not found for name: minecraft:red_stained_glass_pane
[11:02:26] [Client thread/INFO]: [OptiFine] ConnectedTextures: mcpatcher/ctm/default/14_glass_red/glass_red.properties
[11:02:26] [Client thread/WARN]: [OptiFine] ConnectedTextures: Block not found for name: minecraft:red_stained_glass
[11:02:26] [Client thread/INFO]: [OptiFine] ConnectedTextures: mcpatcher/ctm/default/15_glass_black/glass_black.properties
[11:02:26] [Client thread/WARN]: [OptiFine] ConnectedTextures: Block not found for name: minecraft:black_stained_glass
[11:02:26] [Client thread/INFO]: [OptiFine] ConnectedTextures: mcpatcher/ctm/default/15_glass_black/glass_pane_black.properties
[11:02:26] [Client thread/WARN]: [OptiFine] ConnectedTextures: Block not found for name: minecraft:black_stained_glass_pane
[11:02:26] [Client thread/INFO]: [OptiFine] ConnectedTextures: mcpatcher/ctm/default/1_glass_orange/glass_orange.properties
[11:02:26] [Client thread/WARN]: [OptiFine] ConnectedTextures: Block not found for name: minecraft:orange_stained_glass
[11:02:26] [Client thread/INFO]: [OptiFine] ConnectedTextures: mcpatcher/ctm/default/1_glass_orange/glass_pane_orange.properties
[11:02:26] [Client thread/WARN]: [OptiFine] ConnectedTextures: Block not found for name: minecraft:orange_stained_glass_pane
[11:02:26] [Client thread/INFO]: [OptiFine] ConnectedTextures: mcpatcher/ctm/default/2_glass_magenta/glass_magenta.properties
[11:02:26] [Client thread/WARN]: [OptiFine] ConnectedTextures: Block not found for name: minecraft:magenta_stained_glass
[11:02:26] [Client thread/INFO]: [OptiFine] ConnectedTextures: mcpatcher/ctm/default/2_glass_magenta/glass_pane_magenta.properties
[11:02:26] [Client thread/WARN]: [OptiFine] ConnectedTextures: Block not found for name: minecraft:magenta_stained_glass_pane
[11:02:26] [Client thread/INFO]: [OptiFine] ConnectedTextures: mcpatcher/ctm/default/3_glass_light_blue/glass_light_blue.properties
[11:02:26] [Client thread/WARN]: [OptiFine] ConnectedTextures: Block not found for name: minecraft:light_blue_stained_glass
[11:02:26] [Client thread/INFO]: [OptiFine] ConnectedTextures: mcpatcher/ctm/default/3_glass_light_blue/glass_pane_light_blue.properties
[11:02:26] [Client thread/WARN]: [OptiFine] ConnectedTextures: Block not found for name: minecraft:light_blue_stained_glass_pane
[11:02:26] [Client thread/INFO]: [OptiFine] ConnectedTextures: mcpatcher/ctm/default/4_glass_yellow/glass_pane_yellow.properties
[11:02:26] [Client thread/WARN]: [OptiFine] ConnectedTextures: Block not found for name: minecraft:yellow_stained_glass_pane
[11:02:26] [Client thread/INFO]: [OptiFine] ConnectedTextures: mcpatcher/ctm/default/4_glass_yellow/glass_yellow.properties
[11:02:26] [Client thread/WARN]: [OptiFine] ConnectedTextures: Block not found for name: minecraft:yellow_stained_glass
[11:02:26] [Client thread/INFO]: [OptiFine] ConnectedTextures: mcpatcher/ctm/default/5_glass_lime/glass_lime.properties
[11:02:26] [Client thread/WARN]: [OptiFine] ConnectedTextures: Block not found for name: minecraft:lime_stained_glass
[11:02:26] [Client thread/INFO]: [OptiFine] ConnectedTextures: mcpatcher/ctm/default/5_glass_lime/glass_pane_lime.properties
[11:02:26] [Client thread/WARN]: [OptiFine] ConnectedTextures: Block not found for name: minecraft:lime_stained_glass_pane
[11:02:26] [Client thread/INFO]: [OptiFine] ConnectedTextures: mcpatcher/ctm/default/6_glass_pink/glass_pane_pink.properties
[11:02:26] [Client thread/WARN]: [OptiFine] ConnectedTextures: Block not found for name: minecraft:pink_stained_glass_pane
[11:02:26] [Client thread/INFO]: [OptiFine] ConnectedTextures: mcpatcher/ctm/default/6_glass_pink/glass_pink.properties
[11:02:26] [Client thread/WARN]: [OptiFine] ConnectedTextures: Block not found for name: minecraft:pink_stained_glass
[11:02:26] [Client thread/INFO]: [OptiFine] ConnectedTextures: mcpatcher/ctm/default/7_glass_gray/glass_gray.properties
[11:02:26] [Client thread/WARN]: [OptiFine] ConnectedTextures: Block not found for name: minecraft:gray_stained_glass
[11:02:26] [Client thread/INFO]: [OptiFine] ConnectedTextures: mcpatcher/ctm/default/7_glass_gray/glass_pane_gray.properties
[11:02:26] [Client thread/WARN]: [OptiFine] ConnectedTextures: Block not found for name: minecraft:gray_stained_glass_pane
[11:02:26] [Client thread/INFO]: [OptiFine] ConnectedTextures: mcpatcher/ctm/default/8_glass_silver/glass_pane_silver.properties
[11:02:26] [Client thread/INFO]: [OptiFine] ConnectedTextures: mcpatcher/ctm/default/8_glass_silver/glass_silver.properties
[11:02:26] [Client thread/INFO]: [OptiFine] ConnectedTextures: mcpatcher/ctm/default/9_glass_cyan/glass_cyan.properties
[11:02:26] [Client thread/WARN]: [OptiFine] ConnectedTextures: Block not found for name: minecraft:cyan_stained_glass
[11:02:26] [Client thread/INFO]: [OptiFine] ConnectedTextures: mcpatcher/ctm/default/9_glass_cyan/glass_pane_cyan.properties
[11:02:26] [Client thread/WARN]: [OptiFine] ConnectedTextures: Block not found for name: minecraft:cyan_stained_glass_pane
[11:02:26] [Client thread/INFO]: [OptiFine] ConnectedTextures: mcpatcher/ctm/default/bookshelf.properties
[11:02:26] [Client thread/INFO]: [OptiFine] ConnectedTextures: mcpatcher/ctm/default/glass.properties
[11:02:26] [Client thread/INFO]: [OptiFine] ConnectedTextures: mcpatcher/ctm/default/glasspane.properties
[11:02:26] [Client thread/INFO]: [OptiFine] ConnectedTextures: mcpatcher/ctm/default/sandstone.properties
[11:02:26] [Client thread/INFO]: [OptiFine] Multipass connected textures: false
[11:02:27] [Client thread/INFO]: Created: 1024x512 textures-atlas
[11:02:28] [Client thread/INFO]: [OptiFine] *** Reloading custom textures ***
[11:02:28] [Client thread/INFO]: [OptiFine] Enable face culling: acacia_leaves, birch_leaves, dark_oak_leaves, jungle_leaves, oak_leaves, spruce_leaves
[11:02:30] [Client thread/ERROR]: Can't ping royalpixels.de: Internal Exception: java.io.IOException: Die Verbindung wurde vom Kommunikationspartner zurückgesetzt
[11:02:31] [Client thread/INFO]: Connecting to mc.pvpdojo.com., 25565
[11:02:36] [Server thread/INFO]: Starting integrated minecraft server version 1.8.8
[11:02:36] [Server thread/INFO]: Generating keypair
[11:02:36] [Server thread/INFO]: Preparing start region for level 0
[11:02:37] [Server thread/INFO]: Preparing spawn area: 99%
[11:02:37] [Server thread/INFO]: Changing view distance to 8, from 10
[11:02:37] [Server thread/INFO]: TestUser[local:E:2a9a022a] logged in with entity id 149 at (661.41028951673, 75.16610926093821, 303.48277152660506)
[11:02:37] [Server thread/INFO]: TestUser joined the game
[11:02:38] [Client thread/INFO]: [CHAT] A new §eOptiFine§f version is available: §eHD Ultra I7§f
[11:02:38] [Server thread/INFO]: Saving and pausing game...
[11:02:38] [Server thread/INFO]: Saving chunks for level 'mcpworld'/Overworld
[11:02:38] [Server thread/INFO]: Saving chunks for level 'mcpworld'/Nether
[11:02:38] [Server thread/INFO]: Saving chunks for level 'mcpworld'/The End
[11:02:41] [Server thread/INFO]: Saving and pausing game...
[11:02:41] [Server thread/INFO]: Saving chunks for level 'mcpworld'/Overworld
[11:02:41] [Server thread/INFO]: Saving chunks for level 'mcpworld'/Nether
[11:02:41] [Server thread/INFO]: Saving chunks for level 'mcpworld'/The End
[11:03:03] [Server thread/INFO]: Saving and pausing game...
[11:03:03] [Server thread/INFO]: Saving chunks for level 'mcpworld'/Overworld
[11:03:03] [Server thread/INFO]: Saving chunks for level 'mcpworld'/Nether
[11:03:03] [Server thread/INFO]: Saving chunks for level 'mcpworld'/The End
[11:03:04] [Server thread/INFO]: Stopping server
[11:03:04] [Server thread/INFO]: Saving players
[11:03:04] [Server thread/INFO]: Saving worlds
[11:03:04] [Server thread/INFO]: Saving chunks for level 'mcpworld'/Overworld
[11:03:04] [Server thread/INFO]: Saving chunks for level 'mcpworld'/Nether
[11:03:04] [Server thread/INFO]: Saving chunks for level 'mcpworld'/The End
[11:03:05] [Client thread/INFO]: Stopping!
[11:03:05] [Client thread/INFO]: SoundSystem shutting down...
[11:03:05] [Client thread/WARN]: Author: Paul Lamb, www.paulscode.com
